05:38:28 **** Clean-only build of configuration Nios II for project final ****
make clean 
[final clean complete]
05:38:54 **** Build of configuration Nios II for project final ****
make all 
Info: Building ../final_bsp/
C:/intelFPGA_lite/18.1/nios2eds/bin/gnu/H-x86_64-mingw32/bin/make --no-print-directory -C ../final_bsp/
[BSP build complete]
Info: Compiling sgtl5000/sgtl5000.c to obj/default/sgtl5000/sgtl5000.o
nios2-elf-gcc -xc -MP -MMD -c -I../final_bsp//HAL/inc -I../final_bsp/ -I../final_bsp//drivers/inc  -pipe -D__hal__ -DALT_NO_INSTRUCTION_EMULATION -DALT_SINGLE_THREADED    -O0 -g -Wall   -mno-hw-div -mno-hw-mul -mno-hw-mulx -mgpopt=global  -o obj/default/sgtl5000/sgtl5000.o sgtl5000/sgtl5000.c
sgtl5000/sgtl5000.c: In function 'SGTL5000_Reg_Rd':
sgtl5000/sgtl5000.c:18:3: warning: implicit declaration of function 'printf' [-Wimplicit-function-declaration]
   printf ("SGTL5000 I2C error, address: %x", ADDR);
   ^
sgtl5000/sgtl5000.c:18:3: warning: incompatible implicit declaration of built-in function 'printf'
sgtl5000/sgtl5000.c:18:3: note: include '<stdio.h>' or provide a declaration of 'printf'
sgtl5000/sgtl5000.c: In function 'SGTL5000_Reg_Wr':
sgtl5000/sgtl5000.c:40:3: warning: incompatible implicit declaration of built-in function 'printf'
   printf ("SGTL5000 I2C error, address: %x", ADDR);
   ^
sgtl5000/sgtl5000.c:40:3: note: include '<stdio.h>' or provide a declaration of 'printf'
Info: Compiling sgtl5000_test.c to obj/default/sgtl5000_test.o
nios2-elf-gcc -xc -MP -MMD -c -I../final_bsp//HAL/inc -I../final_bsp/ -I../final_bsp//drivers/inc  -pipe -D__hal__ -DALT_NO_INSTRUCTION_EMULATION -DALT_SINGLE_THREADED    -O0 -g -Wall   -mno-hw-div -mno-hw-mul -mno-hw-mulx -mgpopt=global  -o obj/default/sgtl5000_test.o sgtl5000_test.c
sgtl5000_test.c: In function 'main':
sgtl5000_test.c:253:4: warning: implicit declaration of function 'usleep' [-Wimplicit-function-declaration]
    usleep(1000);
    ^
sgtl5000_test.c:244:8: warning: unused variable 'keycode' [-Wunused-variable]
   WORD keycode;
        ^
Info: Compiling usb_kb/HID.c to obj/default/usb_kb/HID.o
nios2-elf-gcc -xc -MP -MMD -c -I../final_bsp//HAL/inc -I../final_bsp/ -I../final_bsp//drivers/inc  -pipe -D__hal__ -DALT_NO_INSTRUCTION_EMULATION -DALT_SINGLE_THREADED    -O0 -g -Wall   -mno-hw-div -mno-hw-mul -mno-hw-mulx -mgpopt=global  -o obj/default/usb_kb/HID.o usb_kb/HID.c
usb_kb/HID.c:10:1: warning: braces around scalar initializer
 HID_DEVICE hid_device = { { 0 } };
 ^
usb_kb/HID.c:10:1: note: (near initialization for 'hid_device.addr')
Info: Compiling usb_kb/MAX3421E.c to obj/default/usb_kb/MAX3421E.o
nios2-elf-gcc -xc -MP -MMD -c -I../final_bsp//HAL/inc -I../final_bsp/ -I../final_bsp//drivers/inc  -pipe -D__hal__ -DALT_NO_INSTRUCTION_EMULATION -DALT_SINGLE_THREADED    -O0 -g -Wall   -mno-hw-div -mno-hw-mul -mno-hw-mulx -mgpopt=global  -o obj/default/usb_kb/MAX3421E.o usb_kb/MAX3421E.c
usb_kb/MAX3421E.c: In function 'MAXreg_wr':
usb_kb/MAX3421E.c:39:6: warning: unused variable 'x' [-Wunused-variable]
  int x = alt_avalon_spi_command(SPI_PORT_PERIPERAL_BASE, 0, 2, pass, 0, NULL, 0);
      ^
usb_kb/MAX3421E.c: In function 'MAXbytes_wr':
usb_kb/MAX3421E.c:61:10: warning: unused variable 'x' [-Wunused-variable]
      int x = alt_avalon_spi_command(SPI_PORT_PERIPERAL_BASE, 0, nbytes + 1, pass, 0, NULL, 0);
          ^
usb_kb/MAX3421E.c: In function 'MAXreg_rd':
usb_kb/MAX3421E.c:76:6: warning: unused variable 'x' [-Wunused-variable]
  int x = alt_avalon_spi_command(SPI_PORT_PERIPERAL_BASE, 0, 1, &reg, 1, &val, 0);
      ^
usb_kb/MAX3421E.c: In function 'MAXbytes_rd':
usb_kb/MAX3421E.c:91:6: warning: unused variable 'x' [-Wunused-variable]
  int x = alt_avalon_spi_command(SPI_PORT_PERIPERAL_BASE, 0, 1, &reg, nbytes, data, 0);
      ^
usb_kb/MAX3421E.c: In function 'MaxGpxHandler':
usb_kb/MAX3421E.c:224:7: warning: variable 'GPINIRQ' set but not used [-Wunused-but-set-variable]
  BYTE GPINIRQ;
       ^
usb_kb/MAX3421E.c: In function 'SPI_wr':
usb_kb/MAX3421E.c:28:1: warning: control reaches end of non-void function [-Wreturn-type]
 }
 ^
Info: Compiling usb_kb/transfer.c to obj/default/usb_kb/transfer.o
nios2-elf-gcc -xc -MP -MMD -c -I../final_bsp//HAL/inc -I../final_bsp/ -I../final_bsp//drivers/inc  -pipe -D__hal__ -DALT_NO_INSTRUCTION_EMULATION -DALT_SINGLE_THREADED    -O0 -g -Wall   -mno-hw-div -mno-hw-mul -mno-hw-mulx -mgpopt=global  -o obj/default/usb_kb/transfer.o usb_kb/transfer.c
usb_kb/transfer.c:9:1: warning: braces around scalar initializer
 EP_RECORD dev0ep = {{ 0 }};         //Endpoint data structure for uninitialized device during enumeration
 ^
usb_kb/transfer.c:9:1: note: (near initialization for 'dev0ep.epAddr')
usb_kb/transfer.c: In function 'XferInTransfer':
usb_kb/transfer.c:195:7: warning: unused variable 'tmpbyte' [-Wunused-variable]
  BYTE tmpbyte;
       ^
usb_kb/transfer.c:194:7: warning: unused variable 'i' [-Wunused-variable]
  BYTE i;
       ^
usb_kb/transfer.c: In function 'USB_Task':
usb_kb/transfer.c:316:20: warning: implicit declaration of function 'printf' [-Wimplicit-function-declaration]
                    printf ("Mfgr string(%i): %s\n", buf.iManufacturer, ConvUTF8ToStr(strDesc.bString, (strDesc.bLength>>1)-1));
                    ^
usb_kb/transfer.c:316:20: warning: incompatible implicit declaration of built-in function 'printf'
usb_kb/transfer.c:316:20: note: include '<stdio.h>' or provide a declaration of 'printf'
usb_kb/transfer.c:323:20: warning: incompatible implicit declaration of built-in function 'printf'
                    printf ("Product string(%i): %s\n", buf.iProduct, ConvUTF8ToStr(strDesc.bString, (strDesc.bLength>>1)-1));
                    ^
usb_kb/transfer.c:323:20: note: include '<stdio.h>' or provide a declaration of 'printf'
Info: Linking final.elf
nios2-elf-g++  -T'../final_bsp//linker.x' -msys-crt0='../final_bsp//obj/HAL/src/crt0.o' -msys-lib=hal_bsp -L../final_bsp/   -Wl,-Map=final.map   -O0 -g -Wall   -mno-hw-div -mno-hw-mul -mno-hw-mulx -mgpopt=global  -o final.elf obj/default/sgtl5000/sgtl5000.o obj/default/sgtl5000_test.o obj/default/usb_kb/HID.o obj/default/usb_kb/MAX3421E.o obj/default/usb_kb/transfer.o -lm -msys-lib=m
nios2-elf-insert final.elf --thread_model hal --cpu_name nios2_gen2_0 --qsys true --simulation_enabled false --id 0 --sidp 0x2a0 --timestamp 1670459957 --stderr_dev jtag_uart_0 --stdin_dev jtag_uart_0 --stdout_dev jtag_uart_0 --sopc_system_name lab62soc --quartus_project_dir "C:/Users/zacha/Desktop/lab6" --jdi ../..//output_files/adder2.jdi --sopcinfo C:/Users/zacha/Desktop/lab6/software/final_bsp/../../lab62soc.sopcinfo
Info: (final.elf) 94 KBytes program size (code + initialized data).
Info:             65434 KBytes free for stack + heap.
Info: Creating final.objdump
nios2-elf-objdump --disassemble --syms --all-header --source final.elf >final.objdump
[final build complete]
05:38:57 **** Incremental Build of configuration Nios II for project final_bsp ****
make all 
[BSP build complete]
05:38:58 **** Incremental Build of configuration Nios II for project lab61_app ****
make all 
Info: Building ../lab61_app_bsp/
C:/intelFPGA_lite/18.1/nios2eds/bin/gnu/H-x86_64-mingw32/bin/make --no-print-directory -C ../lab61_app_bsp/
Makefile not up to date.
../../lab61soc.sopcinfo has been modified since the BSP was generated.

Generate the BSP to update the Makefile, and then build again.

To generate from Eclipse:
 1. Right-click the BSP project.
 2. In the Nios II Menu, click Generate BSP.

To generate from the command line:
 nios2-bsp-generate-files --settings=<settings file> --bsp-dir=<target bsp files directory>

make[1]: *** [public.mk] Error 1
make: *** [../lab61_app_bsp/-recurs-make-lib] Error 2
05:38:58 **** Incremental Build of configuration Nios II for project lab61_app_bsp ****
make all 
Makefile not up to date.
../../lab61soc.sopcinfo has been modified since the BSP was generated.

Generate the BSP to update the Makefile, and then build again.

To generate from Eclipse:
 1. Right-click the BSP project.
 2. In the Nios II Menu, click Generate BSP.

To generate from the command line:
 nios2-bsp-generate-files --settings=<settings file> --bsp-dir=<target bsp files directory>

make: *** [public.mk] Error 1
05:39:00 **** Incremental Build of configuration Nios II for project lab71 ****
make all 
Info: Building ../lab71_bsp/
C:/intelFPGA_lite/18.1/nios2eds/bin/gnu/H-x86_64-mingw32/bin/make --no-print-directory -C ../lab71_bsp/
Makefile not up to date.
../../lab71_soc.sopcinfo has been modified since the BSP was generated.

Generate the BSP to update the Makefile, and then build again.

To generate from Eclipse:
 1. Right-click the BSP project.
 2. In the Nios II Menu, click Generate BSP.

To generate from the command line:
 nios2-bsp-generate-files --settings=<settings file> --bsp-dir=<target bsp files directory>

make[1]: *** [public.mk] Error 1
make: *** [../lab71_bsp/-recurs-make-lib] Error 2
05:39:01 **** Incremental Build of configuration Nios II for project lab71_bsp ****
make all 
Makefile not up to date.
../../lab71_soc.sopcinfo has been modified since the BSP was generated.

Generate the BSP to update the Makefile, and then build again.

To generate from Eclipse:
 1. Right-click the BSP project.
 2. In the Nios II Menu, click Generate BSP.

To generate from the command line:
 nios2-bsp-generate-files --settings=<settings file> --bsp-dir=<target bsp files directory>

make: *** [public.mk] Error 1
05:39:01 **** Incremental Build of configuration Nios II for project usb_kb ****
make all 
Info: Building ../usb_kb_bsp/
C:/intelFPGA_lite/18.1/nios2eds/bin/gnu/H-x86_64-mingw32/bin/make --no-print-directory -C ../usb_kb_bsp/
Makefile not up to date.
../../lab62soc.sopcinfo has been modified since the BSP was generated.

Generate the BSP to update the Makefile, and then build again.

To generate from Eclipse:
 1. Right-click the BSP project.
 2. In the Nios II Menu, click Generate BSP.

To generate from the command line:
 nios2-bsp-generate-files --settings=<settings file> --bsp-dir=<target bsp files directory>

make[1]: *** [public.mk] Error 1
make: *** [../usb_kb_bsp/-recurs-make-lib] Error 2
05:39:03 **** Incremental Build of configuration Nios II for project usb_kb_bsp ****
make all 
Makefile not up to date.
../../lab62soc.sopcinfo has been modified since the BSP was generated.

Generate the BSP to update the Makefile, and then build again.

To generate from Eclipse:
 1. Right-click the BSP project.
 2. In the Nios II Menu, click Generate BSP.

To generate from the command line:
 nios2-bsp-generate-files --settings=<settings file> --bsp-dir=<target bsp files directory>

make: *** [public.mk] Error 1
05:39:13 **** Incremental Build of configuration Nios II for project final ****
make all 
Info: Building ../final_bsp/
C:/intelFPGA_lite/18.1/nios2eds/bin/gnu/H-x86_64-mingw32/bin/make --no-print-directory -C ../final_bsp/
[BSP build complete]
[final build complete]
06:38:22 **** Incremental Build of configuration Nios II for project final ****
make all 
Info: Building ../final_bsp/
C:/intelFPGA_lite/18.1/nios2eds/bin/gnu/H-x86_64-mingw32/bin/make --no-print-directory -C ../final_bsp/
[BSP build complete]
[final build complete]
06:38:24 **** Incremental Build of configuration Nios II for project final_bsp ****
make all 
[BSP build complete]
06:38:24 **** Incremental Build of configuration Nios II for project lab61_app ****
make all 
Info: Building ../lab61_app_bsp/
C:/intelFPGA_lite/18.1/nios2eds/bin/gnu/H-x86_64-mingw32/bin/make --no-print-directory -C ../lab61_app_bsp/
Makefile not up to date.
../../lab61soc.sopcinfo has been modified since the BSP was generated.

Generate the BSP to update the Makefile, and then build again.

To generate from Eclipse:
 1. Right-click the BSP project.
 2. In the Nios II Menu, click Generate BSP.

To generate from the command line:
 nios2-bsp-generate-files --settings=<settings file> --bsp-dir=<target bsp files directory>

make[1]: *** [public.mk] Error 1
make: *** [../lab61_app_bsp/-recurs-make-lib] Error 2
06:38:25 **** Incremental Build of configuration Nios II for project lab61_app_bsp ****
make all 
Makefile not up to date.
../../lab61soc.sopcinfo has been modified since the BSP was generated.

Generate the BSP to update the Makefile, and then build again.

To generate from Eclipse:
 1. Right-click the BSP project.
 2. In the Nios II Menu, click Generate BSP.

To generate from the command line:
 nios2-bsp-generate-files --settings=<settings file> --bsp-dir=<target bsp files directory>

make: *** [public.mk] Error 1
06:38:26 **** Incremental Build of configuration Nios II for project lab71 ****
make all 
Info: Building ../lab71_bsp/
C:/intelFPGA_lite/18.1/nios2eds/bin/gnu/H-x86_64-mingw32/bin/make --no-print-directory -C ../lab71_bsp/
Makefile not up to date.
../../lab71_soc.sopcinfo has been modified since the BSP was generated.

Generate the BSP to update the Makefile, and then build again.

To generate from Eclipse:
 1. Right-click the BSP project.
 2. In the Nios II Menu, click Generate BSP.

To generate from the command line:
 nios2-bsp-generate-files --settings=<settings file> --bsp-dir=<target bsp files directory>

make[1]: *** [public.mk] Error 1
make: *** [../lab71_bsp/-recurs-make-lib] Error 2
06:38:27 **** Incremental Build of configuration Nios II for project lab71_bsp ****
make all 
Makefile not up to date.
../../lab71_soc.sopcinfo has been modified since the BSP was generated.

Generate the BSP to update the Makefile, and then build again.

To generate from Eclipse:
 1. Right-click the BSP project.
 2. In the Nios II Menu, click Generate BSP.

To generate from the command line:
 nios2-bsp-generate-files --settings=<settings file> --bsp-dir=<target bsp files directory>

make: *** [public.mk] Error 1
06:38:28 **** Incremental Build of configuration Nios II for project usb_kb ****
make all 
Info: Building ../usb_kb_bsp/
C:/intelFPGA_lite/18.1/nios2eds/bin/gnu/H-x86_64-mingw32/bin/make --no-print-directory -C ../usb_kb_bsp/
Makefile not up to date.
../../lab62soc.sopcinfo has been modified since the BSP was generated.

Generate the BSP to update the Makefile, and then build again.

To generate from Eclipse:
 1. Right-click the BSP project.
 2. In the Nios II Menu, click Generate BSP.

To generate from the command line:
 nios2-bsp-generate-files --settings=<settings file> --bsp-dir=<target bsp files directory>

make[1]: *** [public.mk] Error 1
make: *** [../usb_kb_bsp/-recurs-make-lib] Error 2
06:38:29 **** Incremental Build of configuration Nios II for project usb_kb_bsp ****
make all 
Makefile not up to date.
../../lab62soc.sopcinfo has been modified since the BSP was generated.

Generate the BSP to update the Makefile, and then build again.

To generate from Eclipse:
 1. Right-click the BSP project.
 2. In the Nios II Menu, click Generate BSP.

To generate from the command line:
 nios2-bsp-generate-files --settings=<settings file> --bsp-dir=<target bsp files directory>

make: *** [public.mk] Error 1
06:38:42 **** Incremental Build of configuration Nios II for project final ****
make all 
Info: Building ../final_bsp/
C:/intelFPGA_lite/18.1/nios2eds/bin/gnu/H-x86_64-mingw32/bin/make --no-print-directory -C ../final_bsp/
[BSP build complete]
[final build complete]
06:39:15 **** Incremental Build of configuration Nios II for project final ****
make all 
Info: Building ../final_bsp/
C:/intelFPGA_lite/18.1/nios2eds/bin/gnu/H-x86_64-mingw32/bin/make --no-print-directory -C ../final_bsp/
[BSP build complete]
[final build complete]
06:48:54 **** Incremental Build of configuration Nios II for project final ****
make all 
Info: Building ../final_bsp/
C:/intelFPGA_lite/18.1/nios2eds/bin/gnu/H-x86_64-mingw32/bin/make --no-print-directory -C ../final_bsp/
[BSP build complete]
[final build complete]
07:03:45 **** Incremental Build of configuration Nios II for project final ****
make all 
Info: Building ../final_bsp/
C:/intelFPGA_lite/18.1/nios2eds/bin/gnu/H-x86_64-mingw32/bin/make --no-print-directory -C ../final_bsp/
[BSP build complete]
[final build complete]
08:32:14 **** Incremental Build of configuration Nios II for project final ****
make all 
Info: Building ../final_bsp/
C:/intelFPGA_lite/18.1/nios2eds/bin/gnu/H-x86_64-mingw32/bin/make --no-print-directory -C ../final_bsp/
[BSP build complete]
Info: Compiling sgtl5000_test.c to obj/default/sgtl5000_test.o
nios2-elf-gcc -xc -MP -MMD -c -I../final_bsp//HAL/inc -I../final_bsp/ -I../final_bsp//drivers/inc  -pipe -D__hal__ -DALT_NO_INSTRUCTION_EMULATION -DALT_SINGLE_THREADED    -O0 -g -Wall   -mno-hw-div -mno-hw-mul -mno-hw-mulx -mgpopt=global  -o obj/default/sgtl5000_test.o sgtl5000_test.c
sgtl5000_test.c: In function 'main':
sgtl5000_test.c:253:4: warning: implicit declaration of function 'usleep' [-Wimplicit-function-declaration]
    usleep(1000);
    ^
sgtl5000_test.c:244:8: warning: unused variable 'keycode' [-Wunused-variable]
   WORD keycode;
        ^
Info: Linking final.elf
nios2-elf-g++  -T'../final_bsp//linker.x' -msys-crt0='../final_bsp//obj/HAL/src/crt0.o' -msys-lib=hal_bsp -L../final_bsp/   -Wl,-Map=final.map   -O0 -g -Wall   -mno-hw-div -mno-hw-mul -mno-hw-mulx -mgpopt=global  -o final.elf obj/default/sgtl5000/sgtl5000.o obj/default/sgtl5000_test.o obj/default/usb_kb/HID.o obj/default/usb_kb/MAX3421E.o obj/default/usb_kb/transfer.o -lm -msys-lib=m
nios2-elf-insert final.elf --thread_model hal --cpu_name nios2_gen2_0 --qsys true --simulation_enabled false --id 0 --sidp 0x2a0 --timestamp 1670459957 --stderr_dev jtag_uart_0 --stdin_dev jtag_uart_0 --stdout_dev jtag_uart_0 --sopc_system_name lab62soc --quartus_project_dir "C:/Users/zacha/Desktop/lab6" --jdi ../..//output_files/adder2.jdi --sopcinfo C:/Users/zacha/Desktop/lab6/software/final_bsp/../../lab62soc.sopcinfo
Info: (final.elf) 94 KBytes program size (code + initialized data).
Info:             65434 KBytes free for stack + heap.
Info: Creating final.objdump
nios2-elf-objdump --disassemble --syms --all-header --source final.elf >final.objdump
[final build complete]
08:37:01 **** Incremental Build of configuration Nios II for project final ****
make all 
Info: Building ../final_bsp/
C:/intelFPGA_lite/18.1/nios2eds/bin/gnu/H-x86_64-mingw32/bin/make --no-print-directory -C ../final_bsp/
[BSP build complete]
[final build complete]
08:44:23 **** Incremental Build of configuration Nios II for project final ****
make all 
Info: Building ../final_bsp/
C:/intelFPGA_lite/18.1/nios2eds/bin/gnu/H-x86_64-mingw32/bin/make --no-print-directory -C ../final_bsp/
[BSP build complete]
[final build complete]
09:45:04 **** Incremental Build of configuration Nios II for project final ****
make all 
Info: Building ../final_bsp/
C:/intelFPGA_lite/18.1/nios2eds/bin/gnu/H-x86_64-mingw32/bin/make --no-print-directory -C ../final_bsp/
[BSP build complete]
[final build complete]
11:09:23 **** Incremental Build of configuration Nios II for project final ****
make all 
Info: Building ../final_bsp/
C:/intelFPGA_lite/18.1/nios2eds/bin/gnu/H-x86_64-mingw32/bin/make --no-print-directory -C ../final_bsp/
[BSP build complete]
[final build complete]
15:08:19 **** Incremental Build of configuration Nios II for project final ****
make all 
Info: Building ../final_bsp/
C:/intelFPGA_lite/18.1/nios2eds/bin/gnu/H-x86_64-mingw32/bin/make --no-print-directory -C ../final_bsp/
[BSP build complete]
[final build complete]
15:32:58 **** Incremental Build of configuration Nios II for project final ****
make all 
Info: Building ../final_bsp/
C:/intelFPGA_lite/18.1/nios2eds/bin/gnu/H-x86_64-mingw32/bin/make --no-print-directory -C ../final_bsp/
[BSP build complete]
[final build complete]
15:33:00 **** Incremental Build of configuration Nios II for project final_bsp ****
make all 
[BSP build complete]
15:33:01 **** Incremental Build of configuration Nios II for project lab61_app ****
make all 
Info: Building ../lab61_app_bsp/
C:/intelFPGA_lite/18.1/nios2eds/bin/gnu/H-x86_64-mingw32/bin/make --no-print-directory -C ../lab61_app_bsp/
Makefile not up to date.
../../lab61soc.sopcinfo has been modified since the BSP was generated.

Generate the BSP to update the Makefile, and then build again.

To generate from Eclipse:
 1. Right-click the BSP project.
 2. In the Nios II Menu, click Generate BSP.

To generate from the command line:
 nios2-bsp-generate-files --settings=<settings file> --bsp-dir=<target bsp files directory>

make[1]: *** [public.mk] Error 1
make: *** [../lab61_app_bsp/-recurs-make-lib] Error 2
15:33:02 **** Incremental Build of configuration Nios II for project lab61_app_bsp ****
make all 
Makefile not up to date.
../../lab61soc.sopcinfo has been modified since the BSP was generated.

Generate the BSP to update the Makefile, and then build again.

To generate from Eclipse:
 1. Right-click the BSP project.
 2. In the Nios II Menu, click Generate BSP.

To generate from the command line:
 nios2-bsp-generate-files --settings=<settings file> --bsp-dir=<target bsp files directory>

make: *** [public.mk] Error 1
15:33:03 **** Incremental Build of configuration Nios II for project lab71 ****
make all 
Info: Building ../lab71_bsp/
C:/intelFPGA_lite/18.1/nios2eds/bin/gnu/H-x86_64-mingw32/bin/make --no-print-directory -C ../lab71_bsp/
Makefile not up to date.
../../lab71_soc.sopcinfo has been modified since the BSP was generated.

Generate the BSP to update the Makefile, and then build again.

To generate from Eclipse:
 1. Right-click the BSP project.
 2. In the Nios II Menu, click Generate BSP.

To generate from the command line:
 nios2-bsp-generate-files --settings=<settings file> --bsp-dir=<target bsp files directory>

make[1]: *** [public.mk] Error 1
make: *** [../lab71_bsp/-recurs-make-lib] Error 2
15:33:05 **** Incremental Build of configuration Nios II for project lab71_bsp ****
make all 
Makefile not up to date.
../../lab71_soc.sopcinfo has been modified since the BSP was generated.

Generate the BSP to update the Makefile, and then build again.

To generate from Eclipse:
 1. Right-click the BSP project.
 2. In the Nios II Menu, click Generate BSP.

To generate from the command line:
 nios2-bsp-generate-files --settings=<settings file> --bsp-dir=<target bsp files directory>

make: *** [public.mk] Error 1
15:33:06 **** Incremental Build of configuration Nios II for project usb_kb ****
make all 
Info: Building ../usb_kb_bsp/
C:/intelFPGA_lite/18.1/nios2eds/bin/gnu/H-x86_64-mingw32/bin/make --no-print-directory -C ../usb_kb_bsp/
Makefile not up to date.
../../lab62soc.sopcinfo has been modified since the BSP was generated.

Generate the BSP to update the Makefile, and then build again.

To generate from Eclipse:
 1. Right-click the BSP project.
 2. In the Nios II Menu, click Generate BSP.

To generate from the command line:
 nios2-bsp-generate-files --settings=<settings file> --bsp-dir=<target bsp files directory>

make[1]: *** [public.mk] Error 1
make: *** [../usb_kb_bsp/-recurs-make-lib] Error 2
15:33:07 **** Incremental Build of configuration Nios II for project usb_kb_bsp ****
make all 
Makefile not up to date.
../../lab62soc.sopcinfo has been modified since the BSP was generated.

Generate the BSP to update the Makefile, and then build again.

To generate from Eclipse:
 1. Right-click the BSP project.
 2. In the Nios II Menu, click Generate BSP.

To generate from the command line:
 nios2-bsp-generate-files --settings=<settings file> --bsp-dir=<target bsp files directory>

make: *** [public.mk] Error 1
15:57:29 **** Incremental Build of configuration Nios II for project final ****
make all 
Info: Building ../final_bsp/
C:/intelFPGA_lite/18.1/nios2eds/bin/gnu/H-x86_64-mingw32/bin/make --no-print-directory -C ../final_bsp/
[BSP build complete]
[final build complete]
15:57:32 **** Incremental Build of configuration Nios II for project final_bsp ****
make all 
[BSP build complete]
15:57:33 **** Incremental Build of configuration Nios II for project lab61_app ****
make all 
Info: Building ../lab61_app_bsp/
C:/intelFPGA_lite/18.1/nios2eds/bin/gnu/H-x86_64-mingw32/bin/make --no-print-directory -C ../lab61_app_bsp/
Makefile not up to date.
../../lab61soc.sopcinfo has been modified since the BSP was generated.

Generate the BSP to update the Makefile, and then build again.

To generate from Eclipse:
 1. Right-click the BSP project.
 2. In the Nios II Menu, click Generate BSP.

To generate from the command line:
 nios2-bsp-generate-files --settings=<settings file> --bsp-dir=<target bsp files directory>

make[1]: *** [public.mk] Error 1
make: *** [../lab61_app_bsp/-recurs-make-lib] Error 2
15:57:34 **** Incremental Build of configuration Nios II for project lab61_app_bsp ****
make all 
Makefile not up to date.
../../lab61soc.sopcinfo has been modified since the BSP was generated.

Generate the BSP to update the Makefile, and then build again.

To generate from Eclipse:
 1. Right-click the BSP project.
 2. In the Nios II Menu, click Generate BSP.

To generate from the command line:
 nios2-bsp-generate-files --settings=<settings file> --bsp-dir=<target bsp files directory>

make: *** [public.mk] Error 1
15:57:35 **** Incremental Build of configuration Nios II for project lab71 ****
make all 
Info: Building ../lab71_bsp/
C:/intelFPGA_lite/18.1/nios2eds/bin/gnu/H-x86_64-mingw32/bin/make --no-print-directory -C ../lab71_bsp/
Makefile not up to date.
../../lab71_soc.sopcinfo has been modified since the BSP was generated.

Generate the BSP to update the Makefile, and then build again.

To generate from Eclipse:
 1. Right-click the BSP project.
 2. In the Nios II Menu, click Generate BSP.

To generate from the command line:
 nios2-bsp-generate-files --settings=<settings file> --bsp-dir=<target bsp files directory>

make[1]: *** [public.mk] Error 1
make: *** [../lab71_bsp/-recurs-make-lib] Error 2
15:57:37 **** Incremental Build of configuration Nios II for project lab71_bsp ****
make all 
Makefile not up to date.
../../lab71_soc.sopcinfo has been modified since the BSP was generated.

Generate the BSP to update the Makefile, and then build again.

To generate from Eclipse:
 1. Right-click the BSP project.
 2. In the Nios II Menu, click Generate BSP.

To generate from the command line:
 nios2-bsp-generate-files --settings=<settings file> --bsp-dir=<target bsp files directory>

make: *** [public.mk] Error 1
15:57:38 **** Incremental Build of configuration Nios II for project usb_kb ****
make all 
Info: Building ../usb_kb_bsp/
C:/intelFPGA_lite/18.1/nios2eds/bin/gnu/H-x86_64-mingw32/bin/make --no-print-directory -C ../usb_kb_bsp/
Makefile not up to date.
../../lab62soc.sopcinfo has been modified since the BSP was generated.

Generate the BSP to update the Makefile, and then build again.

To generate from Eclipse:
 1. Right-click the BSP project.
 2. In the Nios II Menu, click Generate BSP.

To generate from the command line:
 nios2-bsp-generate-files --settings=<settings file> --bsp-dir=<target bsp files directory>

make[1]: *** [public.mk] Error 1
make: *** [../usb_kb_bsp/-recurs-make-lib] Error 2
15:57:39 **** Incremental Build of configuration Nios II for project usb_kb_bsp ****
make all 
Makefile not up to date.
../../lab62soc.sopcinfo has been modified since the BSP was generated.

Generate the BSP to update the Makefile, and then build again.

To generate from Eclipse:
 1. Right-click the BSP project.
 2. In the Nios II Menu, click Generate BSP.

To generate from the command line:
 nios2-bsp-generate-files --settings=<settings file> --bsp-dir=<target bsp files directory>

make: *** [public.mk] Error 1
15:57:58 **** Incremental Build of configuration Nios II for project final ****
make all 
Info: Building ../final_bsp/
C:/intelFPGA_lite/18.1/nios2eds/bin/gnu/H-x86_64-mingw32/bin/make --no-print-directory -C ../final_bsp/
[BSP build complete]
[final build complete]
